C:\Program Files\Microsoft Visual Studio\2022\Community\MSBuild\Microsoft\VC\v170\Microsoft.CppBuild.targets(531,5): warning MSB8028: 中间目录(x64\Debug\)包含从另一个项目(particles.vcxproj)共享的文件。   这会导致错误的清除和重新生成行为。
  glad.c
  main.cpp
C:\Users\60995\Desktop\graphics\graphics code\particles\particles\particles\main.cpp(293,21): warning C4244: “初始化”: 从“double”转换到“float”，可能丢失数据
C:\Users\60995\Desktop\graphics\graphics code\particles\particles\particles\main.cpp(383,31): warning C4244: “初始化”: 从“double”转换到“float”，可能丢失数据
C:\Users\60995\Desktop\graphics\graphics code\particles\particles\particles\main.cpp(396,51): warning C4244: “参数”: 从“double”转换到“float”，可能丢失数据
C:\Users\60995\Desktop\graphics\graphics code\particles\particles\particles\main.cpp(541,21): warning C4244: “*=”: 从“double”转换到“int”，可能丢失数据
C:\Users\60995\Desktop\graphics\graphics code\particles\particles\particles\main.cpp(542,22): warning C4244: “*=”: 从“double”转换到“int”，可能丢失数据
C:\Users\60995\Desktop\graphics\graphics code\particles\particles\particles\main.cpp(581,111): warning C4244: “参数”: 从“double”转换到“int”，可能丢失数据
C:\Users\60995\Desktop\graphics\graphics code\particles\particles\particles\main.cpp(581,64): warning C4244: “参数”: 从“double”转换到“int”，可能丢失数据
glfw3.lib(init.obj) : warning LNK4099: 未找到 PDB“”(使用“glfw3.lib(init.obj)”或在“”中寻找)；正在链接对象，如同没有调试信息一样
glfw3.lib(monitor.obj) : warning LNK4099: 未找到 PDB“”(使用“glfw3.lib(monitor.obj)”或在“”中寻找)；正在链接对象，如同没有调试信息一样
glfw3.lib(window.obj) : warning LNK4099: 未找到 PDB“”(使用“glfw3.lib(window.obj)”或在“”中寻找)；正在链接对象，如同没有调试信息一样
glfw3.lib(input.obj) : warning LNK4099: 未找到 PDB“”(使用“glfw3.lib(input.obj)”或在“”中寻找)；正在链接对象，如同没有调试信息一样
glfw3.lib(context.obj) : warning LNK4099: 未找到 PDB“”(使用“glfw3.lib(context.obj)”或在“”中寻找)；正在链接对象，如同没有调试信息一样
glfw3.lib(win32_init.obj) : warning LNK4099: 未找到 PDB“”(使用“glfw3.lib(win32_init.obj)”或在“”中寻找)；正在链接对象，如同没有调试信息一样
glfw3.lib(win32_monitor.obj) : warning LNK4099: 未找到 PDB“”(使用“glfw3.lib(win32_monitor.obj)”或在“”中寻找)；正在链接对象，如同没有调试信息一样
glfw3.lib(win32_time.obj) : warning LNK4099: 未找到 PDB“”(使用“glfw3.lib(win32_time.obj)”或在“”中寻找)；正在链接对象，如同没有调试信息一样
glfw3.lib(win32_thread.obj) : warning LNK4099: 未找到 PDB“”(使用“glfw3.lib(win32_thread.obj)”或在“”中寻找)；正在链接对象，如同没有调试信息一样
glfw3.lib(vulkan.obj) : warning LNK4099: 未找到 PDB“”(使用“glfw3.lib(vulkan.obj)”或在“”中寻找)；正在链接对象，如同没有调试信息一样
glfw3.lib(win32_window.obj) : warning LNK4099: 未找到 PDB“”(使用“glfw3.lib(win32_window.obj)”或在“”中寻找)；正在链接对象，如同没有调试信息一样
glfw3.lib(win32_joystick.obj) : warning LNK4099: 未找到 PDB“”(使用“glfw3.lib(win32_joystick.obj)”或在“”中寻找)；正在链接对象，如同没有调试信息一样
glfw3.lib(wgl_context.obj) : warning LNK4099: 未找到 PDB“”(使用“glfw3.lib(wgl_context.obj)”或在“”中寻找)；正在链接对象，如同没有调试信息一样
glfw3.lib(egl_context.obj) : warning LNK4099: 未找到 PDB“”(使用“glfw3.lib(egl_context.obj)”或在“”中寻找)；正在链接对象，如同没有调试信息一样
glfw3.lib(osmesa_context.obj) : warning LNK4099: 未找到 PDB“”(使用“glfw3.lib(osmesa_context.obj)”或在“”中寻找)；正在链接对象，如同没有调试信息一样
  particles.vcxproj -> C:\Users\60995\Desktop\graphics\graphics code\particles\particles\x64\Debug\particles.exe
